<?xml version="1.0" encoding="utf-8"?><testsuites name="pytest tests"><testsuite name="pytest" errors="0" failures="1" skipped="0" tests="8" time="1.578" timestamp="2026-06-23T21:16:55.904857+00:00" hostname="agent-env-d0772e0a-0f09-4dbb-826b-639580232912"><testcase classname="backend.tests.test_consultation_flow" name="test_appointments_list_today" time="0.663" /><testcase classname="backend.tests.test_consultation_flow" name="test_get_appointment_by_id" time="0.052" /><testcase classname="backend.tests.test_consultation_flow" name="test_get_appointment_404" time="0.050" /><testcase classname="backend.tests.test_consultation_flow" name="test_products_botox_exists" time="0.048" /><testcase classname="backend.tests.test_consultation_flow" name="test_create_medical_record_full_flow" time="0.311"><failure message="AssertionError: Stock not deducted properly. initial=200.0, used=50.0, expected=150.0, actual=200.0&#10;assert 50.0 &lt; 0.001&#10; +  where 50.0 = abs((200.0 - 150.0))">backend/tests/test_consultation_flow.py:129: in test_create_medical_record_full_flow
    assert abs(actual - expected) &lt; 0.001, (
E   AssertionError: Stock not deducted properly. initial=200.0, used=50.0, expected=150.0, actual=200.0
E   assert 50.0 &lt; 0.001
E    +  where 50.0 = abs((200.0 - 150.0))</failure></testcase><testcase classname="backend.tests.test_consultation_flow" name="test_receipt_pdf" time="0.073" /><testcase classname="backend.tests.test_consultation_flow" name="test_receipt_pdf_404" time="0.047" /><testcase classname="backend.tests.test_consultation_flow" name="test_cleanup" time="0.240" /></testsuite></testsuites>