<?xml version="1.0" encoding="utf-8"?><testsuites name="pytest tests"><testsuite name="pytest" errors="0" failures="0" skipped="0" tests="3" time="1.442" timestamp="2026-04-04T23:46:53.011969+00:00" hostname="agent-env-1067b7c7-a70f-40e5-bb65-9ae064525a63"><testcase classname="backend.tests.test_export_pdf.TestExportPDF" name="test_unauthenticated_returns_401" time="0.187" /><testcase classname="backend.tests.test_export_pdf.TestExportPDF" name="test_authenticated_returns_pdf" time="0.406" /><testcase classname="backend.tests.test_export_pdf.TestExportPDF" name="test_pdf_valid_magic_bytes" time="0.792" /></testsuite></testsuites>