<?xml version="1.0" encoding="utf-8"?><testsuites name="pytest tests"><testsuite name="pytest" errors="0" failures="0" skipped="0" tests="6" time="0.754" timestamp="2026-06-23T23:51:04.718835+00:00" hostname="agent-env-d0772e0a-0f09-4dbb-826b-639580232912"><testcase classname="backend.tests.test_view_record" name="test_completed_appointment_today_has_record" time="0.429" /><testcase classname="backend.tests.test_view_record" name="test_get_medical_record_full_fields" time="0.047" /><testcase classname="backend.tests.test_view_record" name="test_get_records_by_patient_fallback" time="0.055" /><testcase classname="backend.tests.test_view_record" name="test_receipt_pdf_valid" time="0.060" /><testcase classname="backend.tests.test_view_record" name="test_get_record_404" time="0.045" /><testcase classname="backend.tests.test_view_record" name="test_receipt_pdf_404" time="0.047" /></testsuite></testsuites>